mode: set
clientmgr.io/tutorial/controllers/client_controller.go:57.98,61.71 3 0
clientmgr.io/tutorial/controllers/client_controller.go:66.2,68.46 2 0
clientmgr.io/tutorial/controllers/client_controller.go:72.2,72.44 1 0
clientmgr.io/tutorial/controllers/client_controller.go:192.2,192.27 1 0
clientmgr.io/tutorial/controllers/client_controller.go:61.71,64.3 2 0
clientmgr.io/tutorial/controllers/client_controller.go:68.46,70.3 1 0
clientmgr.io/tutorial/controllers/client_controller.go:73.29,77.17 3 0
clientmgr.io/tutorial/controllers/client_controller.go:84.29,89.43 4 0
clientmgr.io/tutorial/controllers/client_controller.go:143.3,143.74 1 0
clientmgr.io/tutorial/controllers/client_controller.go:153.30,158.73 4 0
clientmgr.io/tutorial/controllers/client_controller.go:171.3,171.111 1 0
clientmgr.io/tutorial/controllers/client_controller.go:179.3,179.74 1 0
clientmgr.io/tutorial/controllers/client_controller.go:189.10,189.10 0 0
clientmgr.io/tutorial/controllers/client_controller.go:77.17,80.4 2 0
clientmgr.io/tutorial/controllers/client_controller.go:80.9,83.4 2 0
clientmgr.io/tutorial/controllers/client_controller.go:89.43,90.47 1 0
clientmgr.io/tutorial/controllers/client_controller.go:90.47,92.19 2 0
clientmgr.io/tutorial/controllers/client_controller.go:96.5,97.19 2 0
clientmgr.io/tutorial/controllers/client_controller.go:101.5,103.43 2 0
clientmgr.io/tutorial/controllers/client_controller.go:92.19,94.6 1 0
clientmgr.io/tutorial/controllers/client_controller.go:97.19,99.6 1 0
clientmgr.io/tutorial/controllers/client_controller.go:104.10,106.5 1 0
clientmgr.io/tutorial/controllers/client_controller.go:107.9,107.24 1 0
clientmgr.io/tutorial/controllers/client_controller.go:107.24,110.4 2 0
clientmgr.io/tutorial/controllers/client_controller.go:110.9,111.46 1 0
clientmgr.io/tutorial/controllers/client_controller.go:111.46,115.4 2 0
clientmgr.io/tutorial/controllers/client_controller.go:115.9,115.53 1 0
clientmgr.io/tutorial/controllers/client_controller.go:115.53,116.112 1 0
clientmgr.io/tutorial/controllers/client_controller.go:116.112,117.48 1 0
clientmgr.io/tutorial/controllers/client_controller.go:133.5,135.32 3 0
clientmgr.io/tutorial/controllers/client_controller.go:117.48,119.61 2 0
clientmgr.io/tutorial/controllers/client_controller.go:119.61,120.62 1 0
clientmgr.io/tutorial/controllers/client_controller.go:120.62,122.8 1 0
clientmgr.io/tutorial/controllers/client_controller.go:122.13,124.8 1 0
clientmgr.io/tutorial/controllers/client_controller.go:125.12,127.7 1 0
clientmgr.io/tutorial/controllers/client_controller.go:128.11,131.6 2 0
clientmgr.io/tutorial/controllers/client_controller.go:137.9,137.53 1 0
clientmgr.io/tutorial/controllers/client_controller.go:137.53,139.4 1 0
clientmgr.io/tutorial/controllers/client_controller.go:139.9,141.4 1 0
clientmgr.io/tutorial/controllers/client_controller.go:143.74,145.18 2 0
clientmgr.io/tutorial/controllers/client_controller.go:145.18,148.5 2 0
clientmgr.io/tutorial/controllers/client_controller.go:148.10,151.5 2 0
clientmgr.io/tutorial/controllers/client_controller.go:158.73,159.19 1 0
clientmgr.io/tutorial/controllers/client_controller.go:159.19,161.19 2 0
clientmgr.io/tutorial/controllers/client_controller.go:161.19,164.6 2 0
clientmgr.io/tutorial/controllers/client_controller.go:164.11,167.6 2 0
clientmgr.io/tutorial/controllers/client_controller.go:171.111,174.4 2 0
clientmgr.io/tutorial/controllers/client_controller.go:174.9,177.4 2 0
clientmgr.io/tutorial/controllers/client_controller.go:179.74,181.18 2 0
clientmgr.io/tutorial/controllers/client_controller.go:181.18,184.5 2 0
clientmgr.io/tutorial/controllers/client_controller.go:184.10,187.5 2 0
clientmgr.io/tutorial/controllers/client_controller.go:196.69,201.2 1 0
