mode: set
clientmgr.io/tutorial/controllers/client_controller.go:57.98,61.71 3 0
clientmgr.io/tutorial/controllers/client_controller.go:66.2,68.46 2 0
clientmgr.io/tutorial/controllers/client_controller.go:72.2,72.44 1 0
clientmgr.io/tutorial/controllers/client_controller.go:193.2,193.27 1 0
clientmgr.io/tutorial/controllers/client_controller.go:61.71,64.3 2 0
clientmgr.io/tutorial/controllers/client_controller.go:68.46,70.3 1 0
clientmgr.io/tutorial/controllers/client_controller.go:73.29,77.17 3 0
clientmgr.io/tutorial/controllers/client_controller.go:84.29,89.43 4 0
clientmgr.io/tutorial/controllers/client_controller.go:144.3,144.74 1 0
clientmgr.io/tutorial/controllers/client_controller.go:154.30,159.73 4 0
clientmgr.io/tutorial/controllers/client_controller.go:172.3,172.111 1 0
clientmgr.io/tutorial/controllers/client_controller.go:180.3,180.74 1 0
clientmgr.io/tutorial/controllers/client_controller.go:190.10,190.10 0 0
clientmgr.io/tutorial/controllers/client_controller.go:77.17,80.4 2 0
clientmgr.io/tutorial/controllers/client_controller.go:80.9,83.4 2 0
clientmgr.io/tutorial/controllers/client_controller.go:89.43,90.47 1 0
clientmgr.io/tutorial/controllers/client_controller.go:90.47,92.19 2 0
clientmgr.io/tutorial/controllers/client_controller.go:96.5,97.19 2 0
clientmgr.io/tutorial/controllers/client_controller.go:101.5,103.30 2 0
clientmgr.io/tutorial/controllers/client_controller.go:92.19,94.6 1 0
clientmgr.io/tutorial/controllers/client_controller.go:97.19,99.6 1 0
clientmgr.io/tutorial/controllers/client_controller.go:104.10,106.5 1 0
clientmgr.io/tutorial/controllers/client_controller.go:107.9,107.24 1 0
clientmgr.io/tutorial/controllers/client_controller.go:107.24,110.4 2 0
clientmgr.io/tutorial/controllers/client_controller.go:110.9,111.46 1 0
clientmgr.io/tutorial/controllers/client_controller.go:111.46,115.4 2 0
clientmgr.io/tutorial/controllers/client_controller.go:115.9,115.53 1 0
clientmgr.io/tutorial/controllers/client_controller.go:115.53,116.112 1 0
clientmgr.io/tutorial/controllers/client_controller.go:116.112,117.48 1 0
clientmgr.io/tutorial/controllers/client_controller.go:135.5,136.32 2 0
clientmgr.io/tutorial/controllers/client_controller.go:117.48,120.61 2 0
clientmgr.io/tutorial/controllers/client_controller.go:120.61,121.62 1 0
clientmgr.io/tutorial/controllers/client_controller.go:121.62,124.8 2 0
clientmgr.io/tutorial/controllers/client_controller.go:124.13,126.8 1 0
clientmgr.io/tutorial/controllers/client_controller.go:127.12,129.7 1 0
clientmgr.io/tutorial/controllers/client_controller.go:130.11,133.6 2 0
clientmgr.io/tutorial/controllers/client_controller.go:138.9,138.53 1 0
clientmgr.io/tutorial/controllers/client_controller.go:138.53,140.4 1 0
clientmgr.io/tutorial/controllers/client_controller.go:140.9,142.4 1 0
clientmgr.io/tutorial/controllers/client_controller.go:144.74,146.18 2 0
clientmgr.io/tutorial/controllers/client_controller.go:146.18,149.5 2 0
clientmgr.io/tutorial/controllers/client_controller.go:149.10,152.5 2 0
clientmgr.io/tutorial/controllers/client_controller.go:159.73,160.19 1 0
clientmgr.io/tutorial/controllers/client_controller.go:160.19,162.19 2 0
clientmgr.io/tutorial/controllers/client_controller.go:162.19,165.6 2 0
clientmgr.io/tutorial/controllers/client_controller.go:165.11,168.6 2 0
clientmgr.io/tutorial/controllers/client_controller.go:172.111,175.4 2 0
clientmgr.io/tutorial/controllers/client_controller.go:175.9,178.4 2 0
clientmgr.io/tutorial/controllers/client_controller.go:180.74,182.18 2 0
clientmgr.io/tutorial/controllers/client_controller.go:182.18,185.5 2 0
clientmgr.io/tutorial/controllers/client_controller.go:185.10,188.5 2 0
clientmgr.io/tutorial/controllers/client_controller.go:197.69,202.2 1 0
